{"/home/mateus/Projetos/projeto19-drivenpass-main/src/app.ts": {"path":"/home/mateus/Projetos/projeto19-drivenpass-main/src/app.ts","statementMap":{"0":{"start":{"line":1,"column":0},"end":{"line":1,"column":49}},"1":{"start":{"line":2,"column":0},"end":{"line":2,"column":24}},"2":{"start":{"line":3,"column":0},"end":{"line":3,"column":28}},"3":{"start":{"line":4,"column":0},"end":{"line":4,"column":37}},"4":{"start":{"line":5,"column":0},"end":{"line":5,"column":57}},"5":{"start":{"line":6,"column":0},"end":{"line":6,"column":46}},"6":{"start":{"line":9,"column":0},"end":{"line":9,"column":16}},"7":{"start":{"line":10,"column":12},"end":{"line":10,"column":21}},"8":{"start":{"line":11,"column":0},"end":{"line":11,"column":26}},"9":{"start":{"line":14,"column":2},"end":{"line":14,"column":14}},"10":{"start":{"line":15,"column":2},"end":{"line":15,"column":30}},"11":{"start":{"line":13,"column":0},"end":{"line":13,"column":16}},"12":{"start":{"line":18,"column":0},"end":{"line":18,"column":16}},"13":{"start":{"line":19,"column":0},"end":{"line":19,"column":22}},"14":{"start":{"line":22,"column":0},"end":{"line":24,"column":2}},"15":{"start":{"line":23,"column":2},"end":{"line":23,"column":61}},"16":{"start":{"line":26,"column":0},"end":{"line":26,"column":19}}},"fnMap":{"0":{"name":"init","decl":{"start":{"line":13,"column":16},"end":{"line":13,"column":20}},"loc":{"start":{"line":13,"column":20},"end":{"line":16,"column":1}}},"1":{"name":"(anonymous_8)","decl":{"start":{"line":22,"column":37},"end":{"line":22,"column":40}},"loc":{"start":{"line":23,"column":2},"end":{"line":23,"column":61}}}},"branchMap":{"0":{"loc":{"start":{"line":22,"column":11},"end":{"line":22,"column":35}},"type":"binary-expr","locations":[{"start":{"line":22,"column":11},"end":{"line":22,"column":27}},{"start":{"line":22,"column":31},"end":{"line":22,"column":35}}]}},"s":{"0":2,"1":2,"2":2,"3":2,"4":2,"5":2,"6":2,"7":2,"8":2,"9":2,"10":2,"11":2,"12":2,"13":2,"14":2,"15":1,"16":2},"f":{"0":2,"1":1},"b":{"0":[2,0]}}
,"/home/mateus/Projetos/projeto19-drivenpass-main/src/config/database.ts": {"path":"/home/mateus/Projetos/projeto19-drivenpass-main/src/config/database.ts","statementMap":{"0":{"start":{"line":1,"column":0},"end":{"line":1,"column":28}},"1":{"start":{"line":2,"column":0},"end":{"line":2,"column":20}},"2":{"start":{"line":3,"column":0},"end":{"line":3,"column":33}},"3":{"start":{"line":5,"column":0},"end":{"line":5,"column":16}},"4":{"start":{"line":8,"column":17},"end":{"line":8,"column":19}},"5":{"start":{"line":10,"column":13},"end":{"line":12,"column":3}},"6":{"start":{"line":15,"column":2},"end":{"line":15,"column":9}},"7":{"start":{"line":14,"column":0},"end":{"line":14,"column":16}},"8":{"start":{"line":19,"column":25},"end":{"line":19,"column":28}},"9":{"start":{"line":21,"column":13},"end":{"line":21,"column":41}},"10":{"start":{"line":23,"column":0},"end":{"line":23,"column":22}}},"fnMap":{"0":{"name":"connectDb","decl":{"start":{"line":14,"column":16},"end":{"line":14,"column":25}},"loc":{"start":{"line":14,"column":25},"end":{"line":16,"column":1}}}},"branchMap":{},"s":{"0":3,"1":3,"2":3,"3":3,"4":3,"5":3,"6":2,"7":3,"8":3,"9":3,"10":3},"f":{"0":2},"b":{}}
,"/home/mateus/Projetos/projeto19-drivenpass-main/src/config/envs.ts": {"path":"/home/mateus/Projetos/projeto19-drivenpass-main/src/config/envs.ts","statementMap":{"0":{"start":{"line":1,"column":0},"end":{"line":1,"column":28}},"1":{"start":{"line":4,"column":13},"end":{"line":4,"column":19}},"2":{"start":{"line":5,"column":2},"end":{"line":7,"column":null}},"3":{"start":{"line":6,"column":4},"end":{"line":6,"column":23}},"4":{"start":{"line":8,"column":2},"end":{"line":8,"column":26}},"5":{"start":{"line":3,"column":0},"end":{"line":3,"column":16}}},"fnMap":{"0":{"name":"loadEnvs","decl":{"start":{"line":3,"column":16},"end":{"line":3,"column":24}},"loc":{"start":{"line":3,"column":24},"end":{"line":9,"column":1}}}},"branchMap":{"0":{"loc":{"start":{"line":5,"column":2},"end":{"line":7,"column":null}},"type":"if","locations":[{"start":{"line":5,"column":2},"end":{"line":7,"column":null}}]}},"s":{"0":6,"1":6,"2":6,"3":6,"4":6,"5":6},"f":{"0":6},"b":{"0":[6]}}
,"/home/mateus/Projetos/projeto19-drivenpass-main/src/controllers/authController.ts": {"path":"/home/mateus/Projetos/projeto19-drivenpass-main/src/controllers/authController.ts","statementMap":{"0":{"start":{"line":2,"column":0},"end":{"line":2,"column":37}},"1":{"start":{"line":4,"column":0},"end":{"line":4,"column":55}},"2":{"start":{"line":7,"column":15},"end":{"line":7,"column":23}},"3":{"start":{"line":9,"column":2},"end":{"line":18,"column":null}},"4":{"start":{"line":10,"column":4},"end":{"line":10,"column":35}},"5":{"start":{"line":11,"column":4},"end":{"line":13,"column":7}},"6":{"start":{"line":15,"column":4},"end":{"line":17,"column":null}},"7":{"start":{"line":16,"column":6},"end":{"line":16,"column":65}},"8":{"start":{"line":6,"column":0},"end":{"line":6,"column":7}},"9":{"start":{"line":22,"column":15},"end":{"line":22,"column":23}},"10":{"start":{"line":24,"column":2},"end":{"line":31,"column":null}},"11":{"start":{"line":25,"column":18},"end":{"line":25,"column":48}},"12":{"start":{"line":26,"column":4},"end":{"line":26,"column":79}},"13":{"start":{"line":28,"column":4},"end":{"line":30,"column":null}},"14":{"start":{"line":29,"column":6},"end":{"line":29,"column":69}},"15":{"start":{"line":21,"column":0},"end":{"line":21,"column":7}}},"fnMap":{"0":{"name":"signUp","decl":{"start":{"line":6,"column":22},"end":{"line":6,"column":28}},"loc":{"start":{"line":6,"column":56},"end":{"line":19,"column":1}}},"1":{"name":"signIn","decl":{"start":{"line":21,"column":22},"end":{"line":21,"column":28}},"loc":{"start":{"line":21,"column":56},"end":{"line":32,"column":1}}}},"branchMap":{"0":{"loc":{"start":{"line":15,"column":4},"end":{"line":17,"column":null}},"type":"if","locations":[{"start":{"line":15,"column":4},"end":{"line":17,"column":null}}]},"1":{"loc":{"start":{"line":28,"column":4},"end":{"line":30,"column":null}},"type":"if","locations":[{"start":{"line":28,"column":4},"end":{"line":30,"column":null}}]}},"s":{"0":2,"1":2,"2":4,"3":4,"4":4,"5":3,"6":1,"7":1,"8":2,"9":5,"10":5,"11":5,"12":3,"13":2,"14":2,"15":2},"f":{"0":4,"1":5},"b":{"0":[1],"1":[2]}}
,"/home/mateus/Projetos/projeto19-drivenpass-main/src/controllers/credentialController.ts": {"path":"/home/mateus/Projetos/projeto19-drivenpass-main/src/controllers/credentialController.ts","statementMap":{"0":{"start":{"line":2,"column":0},"end":{"line":2,"column":37}},"1":{"start":{"line":3,"column":0},"end":{"line":3,"column":67}},"2":{"start":{"line":6,"column":19},"end":{"line":6,"column":29}},"3":{"start":{"line":8,"column":21},"end":{"line":8,"column":29}},"4":{"start":{"line":10,"column":2},"end":{"line":19,"column":null}},"5":{"start":{"line":11,"column":4},"end":{"line":11,"column":66}},"6":{"start":{"line":13,"column":4},"end":{"line":13,"column":58}},"7":{"start":{"line":15,"column":4},"end":{"line":17,"column":null}},"8":{"start":{"line":16,"column":6},"end":{"line":16,"column":65}},"9":{"start":{"line":18,"column":4},"end":{"line":18,"column":48}},"10":{"start":{"line":5,"column":0},"end":{"line":5,"column":7}},"11":{"start":{"line":22,"column":19},"end":{"line":22,"column":29}},"12":{"start":{"line":24,"column":2},"end":{"line":30,"column":null}},"13":{"start":{"line":25,"column":27},"end":{"line":25,"column":74}},"14":{"start":{"line":27,"column":4},"end":{"line":27,"column":51}},"15":{"start":{"line":29,"column":4},"end":{"line":29,"column":51}},"16":{"start":{"line":21,"column":0},"end":{"line":21,"column":7}},"17":{"start":{"line":34,"column":13},"end":{"line":34,"column":34}},"18":{"start":{"line":35,"column":19},"end":{"line":35,"column":29}},"19":{"start":{"line":37,"column":2},"end":{"line":43,"column":null}},"20":{"start":{"line":38,"column":23},"end":{"line":38,"column":77}},"21":{"start":{"line":40,"column":4},"end":{"line":40,"column":47}},"22":{"start":{"line":42,"column":4},"end":{"line":42,"column":49}},"23":{"start":{"line":33,"column":0},"end":{"line":33,"column":7}},"24":{"start":{"line":46,"column":13},"end":{"line":46,"column":34}},"25":{"start":{"line":47,"column":19},"end":{"line":47,"column":29}},"26":{"start":{"line":49,"column":2},"end":{"line":58,"column":null}},"27":{"start":{"line":50,"column":4},"end":{"line":50,"column":59}},"28":{"start":{"line":51,"column":4},"end":{"line":51,"column":49}},"29":{"start":{"line":53,"column":4},"end":{"line":55,"column":58}},"30":{"start":{"line":57,"column":4},"end":{"line":57,"column":49}},"31":{"start":{"line":45,"column":0},"end":{"line":45,"column":7}}},"fnMap":{"0":{"name":"createCredential","decl":{"start":{"line":5,"column":22},"end":{"line":5,"column":38}},"loc":{"start":{"line":5,"column":66},"end":{"line":20,"column":1}}},"1":{"name":"getAllCredentials","decl":{"start":{"line":21,"column":22},"end":{"line":21,"column":39}},"loc":{"start":{"line":21,"column":67},"end":{"line":31,"column":1}}},"2":{"name":"getCredentialById","decl":{"start":{"line":33,"column":22},"end":{"line":33,"column":39}},"loc":{"start":{"line":33,"column":67},"end":{"line":44,"column":1}}},"3":{"name":"deleteCredential","decl":{"start":{"line":45,"column":22},"end":{"line":45,"column":38}},"loc":{"start":{"line":45,"column":66},"end":{"line":59,"column":1}}}},"branchMap":{"0":{"loc":{"start":{"line":15,"column":4},"end":{"line":17,"column":null}},"type":"if","locations":[{"start":{"line":15,"column":4},"end":{"line":17,"column":null}}]}},"s":{"0":2,"1":2,"2":0,"3":0,"4":0,"5":0,"6":0,"7":0,"8":0,"9":0,"10":2,"11":0,"12":0,"13":0,"14":0,"15":0,"16":2,"17":0,"18":0,"19":0,"20":0,"21":0,"22":0,"23":2,"24":0,"25":0,"26":0,"27":0,"28":0,"29":0,"30":0,"31":2},"f":{"0":0,"1":0,"2":0,"3":0},"b":{"0":[0]}}
,"/home/mateus/Projetos/projeto19-drivenpass-main/src/controllers/networkController.ts": {"path":"/home/mateus/Projetos/projeto19-drivenpass-main/src/controllers/networkController.ts","statementMap":{"0":{"start":{"line":2,"column":0},"end":{"line":2,"column":37}},"1":{"start":{"line":3,"column":0},"end":{"line":3,"column":61}},"2":{"start":{"line":6,"column":2},"end":{"line":14,"column":null}},"3":{"start":{"line":7,"column":20},"end":{"line":7,"column":28}},"4":{"start":{"line":8,"column":21},"end":{"line":8,"column":31}},"5":{"start":{"line":10,"column":4},"end":{"line":10,"column":57}},"6":{"start":{"line":11,"column":4},"end":{"line":11,"column":60}},"7":{"start":{"line":13,"column":4},"end":{"line":13,"column":48}},"8":{"start":{"line":5,"column":0},"end":{"line":5,"column":7}},"9":{"start":{"line":18,"column":19},"end":{"line":18,"column":29}},"10":{"start":{"line":20,"column":2},"end":{"line":26,"column":null}},"11":{"start":{"line":21,"column":23},"end":{"line":21,"column":63}},"12":{"start":{"line":23,"column":4},"end":{"line":23,"column":47}},"13":{"start":{"line":25,"column":4},"end":{"line":25,"column":51}},"14":{"start":{"line":17,"column":0},"end":{"line":17,"column":7}},"15":{"start":{"line":30,"column":19},"end":{"line":30,"column":29}},"16":{"start":{"line":31,"column":13},"end":{"line":31,"column":34}},"17":{"start":{"line":33,"column":2},"end":{"line":39,"column":null}},"18":{"start":{"line":34,"column":20},"end":{"line":34,"column":68}},"19":{"start":{"line":36,"column":4},"end":{"line":36,"column":44}},"20":{"start":{"line":38,"column":4},"end":{"line":38,"column":49}},"21":{"start":{"line":29,"column":0},"end":{"line":29,"column":7}},"22":{"start":{"line":43,"column":13},"end":{"line":43,"column":34}},"23":{"start":{"line":44,"column":19},"end":{"line":44,"column":29}},"24":{"start":{"line":46,"column":2},"end":{"line":55,"column":null}},"25":{"start":{"line":47,"column":4},"end":{"line":47,"column":53}},"26":{"start":{"line":48,"column":4},"end":{"line":48,"column":43}},"27":{"start":{"line":50,"column":4},"end":{"line":52,"column":58}},"28":{"start":{"line":54,"column":4},"end":{"line":54,"column":49}},"29":{"start":{"line":42,"column":0},"end":{"line":42,"column":7}}},"fnMap":{"0":{"name":"createNetwork","decl":{"start":{"line":5,"column":22},"end":{"line":5,"column":35}},"loc":{"start":{"line":5,"column":63},"end":{"line":15,"column":1}}},"1":{"name":"allNetwork","decl":{"start":{"line":17,"column":22},"end":{"line":17,"column":32}},"loc":{"start":{"line":17,"column":60},"end":{"line":27,"column":1}}},"2":{"name":"getNetworkById","decl":{"start":{"line":29,"column":22},"end":{"line":29,"column":36}},"loc":{"start":{"line":29,"column":64},"end":{"line":40,"column":1}}},"3":{"name":"deleteNetwork","decl":{"start":{"line":42,"column":22},"end":{"line":42,"column":35}},"loc":{"start":{"line":42,"column":63},"end":{"line":56,"column":1}}}},"branchMap":{},"s":{"0":2,"1":2,"2":0,"3":0,"4":0,"5":0,"6":0,"7":0,"8":2,"9":0,"10":0,"11":0,"12":0,"13":0,"14":2,"15":0,"16":0,"17":0,"18":0,"19":0,"20":0,"21":2,"22":0,"23":0,"24":0,"25":0,"26":0,"27":0,"28":0,"29":2},"f":{"0":0,"1":0,"2":0,"3":0},"b":{}}
,"/home/mateus/Projetos/projeto19-drivenpass-main/src/middlewares/errorMiddleware.ts": {"path":"/home/mateus/Projetos/projeto19-drivenpass-main/src/middlewares/errorMiddleware.ts","statementMap":{"0":{"start":{"line":10,"column":2},"end":{"line":10,"column":64}},"1":{"start":{"line":9,"column":0},"end":{"line":9,"column":16}},"2":{"start":{"line":15,"column":2},"end":{"line":18,"column":4}},"3":{"start":{"line":14,"column":0},"end":{"line":14,"column":16}},"4":{"start":{"line":23,"column":2},"end":{"line":26,"column":4}},"5":{"start":{"line":22,"column":0},"end":{"line":22,"column":16}},"6":{"start":{"line":31,"column":2},"end":{"line":34,"column":4}},"7":{"start":{"line":30,"column":0},"end":{"line":30,"column":16}},"8":{"start":{"line":39,"column":2},"end":{"line":42,"column":4}},"9":{"start":{"line":38,"column":0},"end":{"line":38,"column":16}},"10":{"start":{"line":47,"column":2},"end":{"line":50,"column":4}},"11":{"start":{"line":46,"column":0},"end":{"line":46,"column":16}},"12":{"start":{"line":55,"column":2},"end":{"line":58,"column":4}},"13":{"start":{"line":54,"column":0},"end":{"line":54,"column":16}},"14":{"start":{"line":63,"column":2},"end":{"line":66,"column":4}},"15":{"start":{"line":62,"column":0},"end":{"line":62,"column":16}},"16":{"start":{"line":69,"column":42},"end":{"line":100,"column":1}},"17":{"start":{"line":70,"column":2},"end":{"line":72,"column":null}},"18":{"start":{"line":71,"column":4},"end":{"line":71,"column":45}},"19":{"start":{"line":74,"column":2},"end":{"line":76,"column":null}},"20":{"start":{"line":75,"column":4},"end":{"line":75,"column":45}},"21":{"start":{"line":78,"column":2},"end":{"line":80,"column":null}},"22":{"start":{"line":79,"column":4},"end":{"line":79,"column":45}},"23":{"start":{"line":82,"column":2},"end":{"line":84,"column":null}},"24":{"start":{"line":83,"column":4},"end":{"line":83,"column":45}},"25":{"start":{"line":86,"column":2},"end":{"line":88,"column":null}},"26":{"start":{"line":87,"column":4},"end":{"line":87,"column":45}},"27":{"start":{"line":89,"column":2},"end":{"line":91,"column":null}},"28":{"start":{"line":90,"column":4},"end":{"line":90,"column":45}},"29":{"start":{"line":92,"column":2},"end":{"line":94,"column":null}},"30":{"start":{"line":93,"column":4},"end":{"line":93,"column":45}},"31":{"start":{"line":95,"column":2},"end":{"line":97,"column":null}},"32":{"start":{"line":96,"column":4},"end":{"line":96,"column":45}},"33":{"start":{"line":99,"column":2},"end":{"line":99,"column":43}},"34":{"start":{"line":102,"column":0},"end":{"line":102,"column":28}}},"fnMap":{"0":{"name":"unprocessableError","decl":{"start":{"line":9,"column":16},"end":{"line":9,"column":34}},"loc":{"start":{"line":9,"column":50},"end":{"line":11,"column":1}}},"1":{"name":"missingHeaderError","decl":{"start":{"line":14,"column":16},"end":{"line":14,"column":34}},"loc":{"start":{"line":14,"column":49},"end":{"line":19,"column":1}}},"2":{"name":"notFoundError","decl":{"start":{"line":22,"column":16},"end":{"line":22,"column":29}},"loc":{"start":{"line":22,"column":43},"end":{"line":27,"column":1}}},"3":{"name":"conflictError","decl":{"start":{"line":30,"column":16},"end":{"line":30,"column":29}},"loc":{"start":{"line":30,"column":43},"end":{"line":35,"column":1}}},"4":{"name":"accessDeniedError","decl":{"start":{"line":38,"column":16},"end":{"line":38,"column":33}},"loc":{"start":{"line":38,"column":47},"end":{"line":43,"column":1}}},"5":{"name":"unauthorizedError","decl":{"start":{"line":46,"column":16},"end":{"line":46,"column":33}},"loc":{"start":{"line":46,"column":47},"end":{"line":51,"column":1}}},"6":{"name":"badRequestError","decl":{"start":{"line":54,"column":16},"end":{"line":54,"column":31}},"loc":{"start":{"line":54,"column":45},"end":{"line":59,"column":1}}},"7":{"name":"notAcceptableError","decl":{"start":{"line":62,"column":16},"end":{"line":62,"column":34}},"loc":{"start":{"line":62,"column":48},"end":{"line":67,"column":1}}},"8":{"name":"(anonymous_8)","decl":{"start":{"line":69,"column":42},"end":{"line":69,"column":43}},"loc":{"start":{"line":69,"column":66},"end":{"line":100,"column":1}}}},"branchMap":{"0":{"loc":{"start":{"line":70,"column":2},"end":{"line":72,"column":null}},"type":"if","locations":[{"start":{"line":70,"column":2},"end":{"line":72,"column":null}}]},"1":{"loc":{"start":{"line":74,"column":2},"end":{"line":76,"column":null}},"type":"if","locations":[{"start":{"line":74,"column":2},"end":{"line":76,"column":null}}]},"2":{"loc":{"start":{"line":78,"column":2},"end":{"line":80,"column":null}},"type":"if","locations":[{"start":{"line":78,"column":2},"end":{"line":80,"column":null}}]},"3":{"loc":{"start":{"line":82,"column":2},"end":{"line":84,"column":null}},"type":"if","locations":[{"start":{"line":82,"column":2},"end":{"line":84,"column":null}}]},"4":{"loc":{"start":{"line":86,"column":2},"end":{"line":88,"column":null}},"type":"if","locations":[{"start":{"line":86,"column":2},"end":{"line":88,"column":null}}]},"5":{"loc":{"start":{"line":89,"column":2},"end":{"line":91,"column":null}},"type":"if","locations":[{"start":{"line":89,"column":2},"end":{"line":91,"column":null}}]},"6":{"loc":{"start":{"line":92,"column":2},"end":{"line":94,"column":null}},"type":"if","locations":[{"start":{"line":92,"column":2},"end":{"line":94,"column":null}}]},"7":{"loc":{"start":{"line":95,"column":2},"end":{"line":97,"column":null}},"type":"if","locations":[{"start":{"line":95,"column":2},"end":{"line":97,"column":null}}]}},"s":{"0":6,"1":3,"2":1,"3":3,"4":0,"5":3,"6":2,"7":3,"8":0,"9":3,"10":3,"11":3,"12":0,"13":3,"14":0,"15":3,"16":3,"17":6,"18":6,"19":0,"20":0,"21":0,"22":0,"23":0,"24":0,"25":0,"26":0,"27":0,"28":0,"29":0,"30":0,"31":0,"32":0,"33":0,"34":3},"f":{"0":6,"1":1,"2":0,"3":2,"4":0,"5":3,"6":0,"7":0,"8":6},"b":{"0":[6],"1":[0],"2":[0],"3":[0],"4":[0],"5":[0],"6":[0],"7":[0]}}
,"/home/mateus/Projetos/projeto19-drivenpass-main/src/middlewares/validations/schemaValidator.ts": {"path":"/home/mateus/Projetos/projeto19-drivenpass-main/src/middlewares/validations/schemaValidator.ts","statementMap":{"0":{"start":{"line":3,"column":0},"end":{"line":3,"column":56}},"1":{"start":{"line":6,"column":2},"end":{"line":20,"column":4}},"2":{"start":{"line":7,"column":22},"end":{"line":9,"column":6}},"3":{"start":{"line":11,"column":4},"end":{"line":17,"column":null}},"4":{"start":{"line":12,"column":37},"end":{"line":13,"column":null}},"5":{"start":{"line":13,"column":22},"end":{"line":13,"column":33}},"6":{"start":{"line":16,"column":6},"end":{"line":16,"column":45}},"7":{"start":{"line":19,"column":4},"end":{"line":19,"column":11}},"8":{"start":{"line":5,"column":0},"end":{"line":5,"column":16}}},"fnMap":{"0":{"name":"validateSchema","decl":{"start":{"line":5,"column":16},"end":{"line":5,"column":30}},"loc":{"start":{"line":5,"column":51},"end":{"line":21,"column":1}}},"1":{"name":"(anonymous_1)","decl":{"start":{"line":6,"column":9},"end":{"line":6,"column":10}},"loc":{"start":{"line":6,"column":61},"end":{"line":20,"column":3}}},"2":{"name":"(anonymous_2)","decl":{"start":{"line":13,"column":8},"end":{"line":13,"column":9}},"loc":{"start":{"line":13,"column":22},"end":{"line":13,"column":33}}}},"branchMap":{"0":{"loc":{"start":{"line":11,"column":4},"end":{"line":17,"column":null}},"type":"if","locations":[{"start":{"line":11,"column":4},"end":{"line":17,"column":null}}]}},"s":{"0":2,"1":8,"2":15,"3":15,"4":6,"5":16,"6":6,"7":9,"8":2},"f":{"0":8,"1":15,"2":16},"b":{"0":[6]}}
,"/home/mateus/Projetos/projeto19-drivenpass-main/src/middlewares/validations/tokenValidator.ts": {"path":"/home/mateus/Projetos/projeto19-drivenpass-main/src/middlewares/validations/tokenValidator.ts","statementMap":{"0":{"start":{"line":2,"column":0},"end":{"line":2,"column":31}},"1":{"start":{"line":3,"column":0},"end":{"line":3,"column":28}},"2":{"start":{"line":4,"column":0},"end":{"line":4,"column":75}},"3":{"start":{"line":5,"column":0},"end":{"line":5,"column":37}},"4":{"start":{"line":7,"column":0},"end":{"line":7,"column":16}},"5":{"start":{"line":14,"column":28},"end":{"line":14,"column":39}},"6":{"start":{"line":15,"column":16},"end":{"line":15,"column":53}},"7":{"start":{"line":16,"column":20},"end":{"line":16,"column":42}},"8":{"start":{"line":18,"column":2},"end":{"line":22,"column":null}},"9":{"start":{"line":19,"column":4},"end":{"line":21,"column":53}},"10":{"start":{"line":24,"column":2},"end":{"line":32,"column":null}},"11":{"start":{"line":25,"column":17},"end":{"line":25,"column":45}},"12":{"start":{"line":27,"column":4},"end":{"line":27,"column":27}},"13":{"start":{"line":29,"column":4},"end":{"line":29,"column":11}},"14":{"start":{"line":31,"column":4},"end":{"line":31,"column":80}},"15":{"start":{"line":9,"column":0},"end":{"line":9,"column":7}}},"fnMap":{"0":{"name":"validateToken","decl":{"start":{"line":9,"column":22},"end":{"line":9,"column":35}},"loc":{"start":{"line":12,"column":20},"end":{"line":33,"column":1}}}},"branchMap":{"0":{"loc":{"start":{"line":18,"column":2},"end":{"line":22,"column":null}},"type":"if","locations":[{"start":{"line":18,"column":2},"end":{"line":22,"column":null}}]},"1":{"loc":{"start":{"line":18,"column":6},"end":{"line":18,"column":52}},"type":"binary-expr","locations":[{"start":{"line":18,"column":6},"end":{"line":18,"column":29}},{"start":{"line":18,"column":33},"end":{"line":18,"column":52}}]}},"s":{"0":2,"1":2,"2":2,"3":2,"4":2,"5":4,"6":4,"7":4,"8":4,"9":1,"10":3,"11":3,"12":2,"13":2,"14":1,"15":2},"f":{"0":4},"b":{"0":[1],"1":[4,4]}}
,"/home/mateus/Projetos/projeto19-drivenpass-main/src/repositories/authRepository.ts": {"path":"/home/mateus/Projetos/projeto19-drivenpass-main/src/repositories/authRepository.ts","statementMap":{"0":{"start":{"line":1,"column":0},"end":{"line":1,"column":44}},"1":{"start":{"line":5,"column":17},"end":{"line":5,"column":64}},"2":{"start":{"line":7,"column":2},"end":{"line":7,"column":16}},"3":{"start":{"line":4,"column":0},"end":{"line":4,"column":7}},"4":{"start":{"line":11,"column":17},"end":{"line":11,"column":67}},"5":{"start":{"line":13,"column":2},"end":{"line":13,"column":16}},"6":{"start":{"line":10,"column":0},"end":{"line":10,"column":7}},"7":{"start":{"line":17,"column":2},"end":{"line":17,"column":43}},"8":{"start":{"line":16,"column":0},"end":{"line":16,"column":7}}},"fnMap":{"0":{"name":"findEmailById","decl":{"start":{"line":4,"column":22},"end":{"line":4,"column":35}},"loc":{"start":{"line":4,"column":46},"end":{"line":8,"column":1}}},"1":{"name":"findEmail","decl":{"start":{"line":10,"column":22},"end":{"line":10,"column":31}},"loc":{"start":{"line":10,"column":45},"end":{"line":14,"column":1}}},"2":{"name":"createUser","decl":{"start":{"line":16,"column":22},"end":{"line":16,"column":32}},"loc":{"start":{"line":16,"column":60},"end":{"line":18,"column":1}}}},"branchMap":{},"s":{"0":3,"1":1,"2":1,"3":3,"4":10,"5":10,"6":3,"7":3,"8":3},"f":{"0":1,"1":10,"2":3},"b":{}}
,"/home/mateus/Projetos/projeto19-drivenpass-main/src/repositories/credentialRepository.ts": {"path":"/home/mateus/Projetos/projeto19-drivenpass-main/src/repositories/credentialRepository.ts","statementMap":{"0":{"start":{"line":1,"column":0},"end":{"line":1,"column":44}},"1":{"start":{"line":8,"column":25},"end":{"line":11,"column":4}},"2":{"start":{"line":13,"column":2},"end":{"line":13,"column":66}},"3":{"start":{"line":4,"column":0},"end":{"line":4,"column":7}},"4":{"start":{"line":17,"column":2},"end":{"line":19,"column":5}},"5":{"start":{"line":16,"column":0},"end":{"line":16,"column":7}},"6":{"start":{"line":23,"column":2},"end":{"line":32,"column":5}},"7":{"start":{"line":22,"column":0},"end":{"line":22,"column":7}},"8":{"start":{"line":36,"column":2},"end":{"line":36,"column":59}},"9":{"start":{"line":35,"column":0},"end":{"line":35,"column":7}},"10":{"start":{"line":40,"column":2},"end":{"line":49,"column":5}},"11":{"start":{"line":39,"column":0},"end":{"line":39,"column":7}}},"fnMap":{"0":{"name":"createCredential","decl":{"start":{"line":4,"column":22},"end":{"line":4,"column":38}},"loc":{"start":{"line":6,"column":50},"end":{"line":14,"column":1}}},"1":{"name":"findTitleCredential","decl":{"start":{"line":16,"column":22},"end":{"line":16,"column":41}},"loc":{"start":{"line":16,"column":71},"end":{"line":20,"column":1}}},"2":{"name":"allCredentials","decl":{"start":{"line":22,"column":22},"end":{"line":22,"column":36}},"loc":{"start":{"line":22,"column":51},"end":{"line":33,"column":1}}},"3":{"name":"deleteCredential","decl":{"start":{"line":35,"column":22},"end":{"line":35,"column":38}},"loc":{"start":{"line":35,"column":49},"end":{"line":37,"column":1}}},"4":{"name":"getCredentialById","decl":{"start":{"line":39,"column":22},"end":{"line":39,"column":39}},"loc":{"start":{"line":39,"column":66},"end":{"line":50,"column":1}}}},"branchMap":{},"s":{"0":2,"1":0,"2":0,"3":2,"4":0,"5":2,"6":0,"7":2,"8":0,"9":2,"10":0,"11":2},"f":{"0":0,"1":0,"2":0,"3":0,"4":0},"b":{}}
,"/home/mateus/Projetos/projeto19-drivenpass-main/src/repositories/networkRepository.ts": {"path":"/home/mateus/Projetos/projeto19-drivenpass-main/src/repositories/networkRepository.ts","statementMap":{"0":{"start":{"line":1,"column":0},"end":{"line":1,"column":44}},"1":{"start":{"line":8,"column":22},"end":{"line":11,"column":4}},"2":{"start":{"line":13,"column":2},"end":{"line":13,"column":53}},"3":{"start":{"line":4,"column":0},"end":{"line":4,"column":7}},"4":{"start":{"line":17,"column":2},"end":{"line":25,"column":5}},"5":{"start":{"line":16,"column":0},"end":{"line":16,"column":7}},"6":{"start":{"line":29,"column":2},"end":{"line":29,"column":56}},"7":{"start":{"line":28,"column":0},"end":{"line":28,"column":7}},"8":{"start":{"line":33,"column":2},"end":{"line":41,"column":5}},"9":{"start":{"line":32,"column":0},"end":{"line":32,"column":7}}},"fnMap":{"0":{"name":"createNetwork","decl":{"start":{"line":4,"column":22},"end":{"line":4,"column":35}},"loc":{"start":{"line":6,"column":41},"end":{"line":14,"column":1}}},"1":{"name":"allNetwork","decl":{"start":{"line":16,"column":22},"end":{"line":16,"column":32}},"loc":{"start":{"line":16,"column":47},"end":{"line":26,"column":1}}},"2":{"name":"deleteNetwork","decl":{"start":{"line":28,"column":22},"end":{"line":28,"column":35}},"loc":{"start":{"line":28,"column":46},"end":{"line":30,"column":1}}},"3":{"name":"getNetworkById","decl":{"start":{"line":32,"column":22},"end":{"line":32,"column":36}},"loc":{"start":{"line":32,"column":63},"end":{"line":42,"column":1}}}},"branchMap":{},"s":{"0":2,"1":0,"2":0,"3":2,"4":0,"5":2,"6":0,"7":2,"8":0,"9":2},"f":{"0":0,"1":0,"2":0,"3":0},"b":{}}
,"/home/mateus/Projetos/projeto19-drivenpass-main/src/routes/authRouter.ts": {"path":"/home/mateus/Projetos/projeto19-drivenpass-main/src/routes/authRouter.ts","statementMap":{"0":{"start":{"line":1,"column":0},"end":{"line":1,"column":33}},"1":{"start":{"line":2,"column":0},"end":{"line":2,"column":76}},"2":{"start":{"line":3,"column":0},"end":{"line":3,"column":64}},"3":{"start":{"line":4,"column":0},"end":{"line":4,"column":67}},"4":{"start":{"line":6,"column":19},"end":{"line":6,"column":27}},"5":{"start":{"line":8,"column":0},"end":{"line":8,"column":80}},"6":{"start":{"line":9,"column":0},"end":{"line":9,"column":80}},"7":{"start":{"line":11,"column":0},"end":{"line":11,"column":26}}},"fnMap":{},"branchMap":{},"s":{"0":2,"1":2,"2":2,"3":2,"4":2,"5":2,"6":2,"7":2},"f":{},"b":{}}
,"/home/mateus/Projetos/projeto19-drivenpass-main/src/routes/credentialRouter.ts": {"path":"/home/mateus/Projetos/projeto19-drivenpass-main/src/routes/credentialRouter.ts","statementMap":{"0":{"start":{"line":1,"column":0},"end":{"line":1,"column":33}},"1":{"start":{"line":2,"column":0},"end":{"line":2,"column":76}},"2":{"start":{"line":3,"column":0},"end":{"line":3,"column":74}},"3":{"start":{"line":4,"column":0},"end":{"line":4,"column":77}},"4":{"start":{"line":5,"column":0},"end":{"line":5,"column":69}},"5":{"start":{"line":7,"column":25},"end":{"line":7,"column":33}},"6":{"start":{"line":9,"column":0},"end":{"line":14,"column":2}},"7":{"start":{"line":16,"column":0},"end":{"line":20,"column":2}},"8":{"start":{"line":22,"column":0},"end":{"line":26,"column":2}},"9":{"start":{"line":28,"column":0},"end":{"line":32,"column":2}},"10":{"start":{"line":34,"column":0},"end":{"line":34,"column":32}}},"fnMap":{},"branchMap":{},"s":{"0":2,"1":2,"2":2,"3":2,"4":2,"5":2,"6":2,"7":2,"8":2,"9":2,"10":2},"f":{},"b":{}}
,"/home/mateus/Projetos/projeto19-drivenpass-main/src/routes/networkRouter.ts": {"path":"/home/mateus/Projetos/projeto19-drivenpass-main/src/routes/networkRouter.ts","statementMap":{"0":{"start":{"line":1,"column":0},"end":{"line":1,"column":33}},"1":{"start":{"line":2,"column":0},"end":{"line":2,"column":76}},"2":{"start":{"line":3,"column":0},"end":{"line":3,"column":74}},"3":{"start":{"line":4,"column":0},"end":{"line":4,"column":60}},"4":{"start":{"line":5,"column":0},"end":{"line":5,"column":70}},"5":{"start":{"line":7,"column":22},"end":{"line":7,"column":30}},"6":{"start":{"line":9,"column":0},"end":{"line":14,"column":2}},"7":{"start":{"line":16,"column":0},"end":{"line":16,"column":72}},"8":{"start":{"line":18,"column":0},"end":{"line":18,"column":80}},"9":{"start":{"line":20,"column":0},"end":{"line":24,"column":2}},"10":{"start":{"line":26,"column":0},"end":{"line":26,"column":29}}},"fnMap":{},"branchMap":{},"s":{"0":2,"1":2,"2":2,"3":2,"4":2,"5":2,"6":2,"7":2,"8":2,"9":2,"10":2},"f":{},"b":{}}
,"/home/mateus/Projetos/projeto19-drivenpass-main/src/routes/router.ts": {"path":"/home/mateus/Projetos/projeto19-drivenpass-main/src/routes/router.ts","statementMap":{"0":{"start":{"line":1,"column":0},"end":{"line":1,"column":33}},"1":{"start":{"line":2,"column":0},"end":{"line":2,"column":38}},"2":{"start":{"line":3,"column":0},"end":{"line":3,"column":50}},"3":{"start":{"line":4,"column":0},"end":{"line":4,"column":44}},"4":{"start":{"line":6,"column":15},"end":{"line":6,"column":23}},"5":{"start":{"line":8,"column":0},"end":{"line":8,"column":23}},"6":{"start":{"line":9,"column":0},"end":{"line":9,"column":26}},"7":{"start":{"line":10,"column":0},"end":{"line":10,"column":29}},"8":{"start":{"line":12,"column":0},"end":{"line":12,"column":22}}},"fnMap":{},"branchMap":{},"s":{"0":2,"1":2,"2":2,"3":2,"4":2,"5":2,"6":2,"7":2,"8":2},"f":{},"b":{}}
,"/home/mateus/Projetos/projeto19-drivenpass-main/src/schemas/authSchema.ts": {"path":"/home/mateus/Projetos/projeto19-drivenpass-main/src/schemas/authSchema.ts","statementMap":{"0":{"start":{"line":1,"column":0},"end":{"line":1,"column":22}},"1":{"start":{"line":3,"column":13},"end":{"line":6,"column":3}},"2":{"start":{"line":8,"column":13},"end":{"line":11,"column":3}}},"fnMap":{},"branchMap":{},"s":{"0":3,"1":3,"2":3},"f":{},"b":{}}
,"/home/mateus/Projetos/projeto19-drivenpass-main/src/schemas/credentialSchema.ts": {"path":"/home/mateus/Projetos/projeto19-drivenpass-main/src/schemas/credentialSchema.ts","statementMap":{"0":{"start":{"line":1,"column":0},"end":{"line":1,"column":22}},"1":{"start":{"line":3,"column":13},"end":{"line":8,"column":3}}},"fnMap":{},"branchMap":{},"s":{"0":3,"1":3},"f":{},"b":{}}
,"/home/mateus/Projetos/projeto19-drivenpass-main/src/schemas/networkSchema.ts": {"path":"/home/mateus/Projetos/projeto19-drivenpass-main/src/schemas/networkSchema.ts","statementMap":{"0":{"start":{"line":1,"column":0},"end":{"line":1,"column":22}},"1":{"start":{"line":3,"column":13},"end":{"line":7,"column":3}}},"fnMap":{},"branchMap":{},"s":{"0":3,"1":3},"f":{},"b":{}}
,"/home/mateus/Projetos/projeto19-drivenpass-main/src/services/authService.ts": {"path":"/home/mateus/Projetos/projeto19-drivenpass-main/src/services/authService.ts","statementMap":{"0":{"start":{"line":2,"column":0},"end":{"line":2,"column":65}},"1":{"start":{"line":3,"column":0},"end":{"line":3,"column":52}},"2":{"start":{"line":4,"column":0},"end":{"line":4,"column":48}},"3":{"start":{"line":7,"column":15},"end":{"line":7,"column":53}},"4":{"start":{"line":9,"column":2},"end":{"line":9,"column":14}},"5":{"start":{"line":6,"column":0},"end":{"line":6,"column":7}},"6":{"start":{"line":13,"column":22},"end":{"line":13,"column":68}},"7":{"start":{"line":15,"column":2},"end":{"line":15,"column":37}},"8":{"start":{"line":17,"column":23},"end":{"line":17,"column":75}},"9":{"start":{"line":19,"column":2},"end":{"line":22,"column":5}},"10":{"start":{"line":12,"column":0},"end":{"line":12,"column":7}},"11":{"start":{"line":28,"column":22},"end":{"line":28,"column":68}},"12":{"start":{"line":30,"column":2},"end":{"line":30,"column":40}},"13":{"start":{"line":32,"column":2},"end":{"line":36,"column":null}},"14":{"start":{"line":33,"column":4},"end":{"line":33,"column":71}},"15":{"start":{"line":34,"column":18},"end":{"line":34,"column":54}},"16":{"start":{"line":35,"column":4},"end":{"line":35,"column":51}},"17":{"start":{"line":25,"column":0},"end":{"line":25,"column":7}}},"fnMap":{"0":{"name":"findEmailById","decl":{"start":{"line":6,"column":22},"end":{"line":6,"column":35}},"loc":{"start":{"line":6,"column":46},"end":{"line":10,"column":1}}},"1":{"name":"signUp","decl":{"start":{"line":12,"column":22},"end":{"line":12,"column":28}},"loc":{"start":{"line":12,"column":57},"end":{"line":23,"column":1}}},"2":{"name":"signIn","decl":{"start":{"line":25,"column":22},"end":{"line":25,"column":28}},"loc":{"start":{"line":26,"column":30},"end":{"line":37,"column":1}}}},"branchMap":{"0":{"loc":{"start":{"line":32,"column":2},"end":{"line":36,"column":null}},"type":"if","locations":[{"start":{"line":32,"column":2},"end":{"line":36,"column":null}}]}},"s":{"0":3,"1":3,"2":3,"3":1,"4":1,"5":3,"6":4,"7":4,"8":3,"9":3,"10":3,"11":5,"12":5,"13":4,"14":4,"15":3,"16":3,"17":3},"f":{"0":1,"1":4,"2":5},"b":{"0":[4]}}
,"/home/mateus/Projetos/projeto19-drivenpass-main/src/services/credentialService.ts": {"path":"/home/mateus/Projetos/projeto19-drivenpass-main/src/services/credentialService.ts","statementMap":{"0":{"start":{"line":1,"column":0},"end":{"line":1,"column":52}},"1":{"start":{"line":2,"column":0},"end":{"line":2,"column":60}},"2":{"start":{"line":4,"column":0},"end":{"line":4,"column":77}},"3":{"start":{"line":5,"column":0},"end":{"line":5,"column":63}},"4":{"start":{"line":11,"column":32},"end":{"line":13,"column":null}},"5":{"start":{"line":16,"column":2},"end":{"line":16,"column":63}},"6":{"start":{"line":18,"column":23},"end":{"line":18,"column":67}},"7":{"start":{"line":20,"column":2},"end":{"line":23,"column":5}},"8":{"start":{"line":7,"column":0},"end":{"line":7,"column":7}},"9":{"start":{"line":27,"column":25},"end":{"line":27,"column":74}},"10":{"start":{"line":29,"column":2},"end":{"line":33,"column":null}},"11":{"start":{"line":29,"column":15},"end":{"line":29,"column":16}},"12":{"start":{"line":30,"column":14},"end":{"line":30,"column":31}},"13":{"start":{"line":32,"column":4},"end":{"line":32,"column":53}},"14":{"start":{"line":35,"column":2},"end":{"line":35,"column":24}},"15":{"start":{"line":26,"column":0},"end":{"line":26,"column":7}},"16":{"start":{"line":39,"column":2},"end":{"line":39,"column":57}},"17":{"start":{"line":38,"column":0},"end":{"line":38,"column":7}},"18":{"start":{"line":43,"column":21},"end":{"line":43,"column":77}},"19":{"start":{"line":45,"column":2},"end":{"line":52,"column":null}},"20":{"start":{"line":46,"column":30},"end":{"line":46,"column":75}},"21":{"start":{"line":47,"column":27},"end":{"line":50,"column":6}},"22":{"start":{"line":51,"column":4},"end":{"line":51,"column":26}},"23":{"start":{"line":54,"column":2},"end":{"line":54,"column":36}},"24":{"start":{"line":42,"column":0},"end":{"line":42,"column":7}}},"fnMap":{"0":{"name":"createCredential","decl":{"start":{"line":7,"column":22},"end":{"line":7,"column":38}},"loc":{"start":{"line":9,"column":50},"end":{"line":24,"column":1}}},"1":{"name":"allCredentials","decl":{"start":{"line":26,"column":22},"end":{"line":26,"column":36}},"loc":{"start":{"line":26,"column":51},"end":{"line":36,"column":1}}},"2":{"name":"deleteCredential","decl":{"start":{"line":38,"column":22},"end":{"line":38,"column":38}},"loc":{"start":{"line":38,"column":49},"end":{"line":40,"column":1}}},"3":{"name":"getCredentialById","decl":{"start":{"line":42,"column":22},"end":{"line":42,"column":39}},"loc":{"start":{"line":42,"column":66},"end":{"line":55,"column":1}}}},"branchMap":{"0":{"loc":{"start":{"line":45,"column":2},"end":{"line":52,"column":null}},"type":"if","locations":[{"start":{"line":45,"column":2},"end":{"line":52,"column":null}}]}},"s":{"0":2,"1":2,"2":2,"3":2,"4":0,"5":0,"6":0,"7":0,"8":2,"9":0,"10":0,"11":0,"12":0,"13":0,"14":0,"15":2,"16":0,"17":2,"18":0,"19":0,"20":0,"21":0,"22":0,"23":0,"24":2},"f":{"0":0,"1":0,"2":0,"3":0},"b":{"0":[0]}}
,"/home/mateus/Projetos/projeto19-drivenpass-main/src/services/networkService.ts": {"path":"/home/mateus/Projetos/projeto19-drivenpass-main/src/services/networkService.ts","statementMap":{"0":{"start":{"line":2,"column":0},"end":{"line":2,"column":71}},"1":{"start":{"line":4,"column":0},"end":{"line":4,"column":52}},"2":{"start":{"line":5,"column":0},"end":{"line":5,"column":54}},"3":{"start":{"line":11,"column":25},"end":{"line":11,"column":66}},"4":{"start":{"line":13,"column":2},"end":{"line":16,"column":5}},"5":{"start":{"line":7,"column":0},"end":{"line":7,"column":7}},"6":{"start":{"line":20,"column":21},"end":{"line":20,"column":63}},"7":{"start":{"line":22,"column":2},"end":{"line":22,"column":20}},"8":{"start":{"line":19,"column":0},"end":{"line":19,"column":7}},"9":{"start":{"line":26,"column":18},"end":{"line":26,"column":68}},"10":{"start":{"line":28,"column":2},"end":{"line":28,"column":38}},"11":{"start":{"line":30,"column":2},"end":{"line":37,"column":null}},"12":{"start":{"line":31,"column":30},"end":{"line":31,"column":72}},"13":{"start":{"line":32,"column":24},"end":{"line":35,"column":6}},"14":{"start":{"line":36,"column":4},"end":{"line":36,"column":23}},"15":{"start":{"line":25,"column":0},"end":{"line":25,"column":7}},"16":{"start":{"line":41,"column":2},"end":{"line":41,"column":51}},"17":{"start":{"line":40,"column":0},"end":{"line":40,"column":7}}},"fnMap":{"0":{"name":"createNetwork","decl":{"start":{"line":7,"column":22},"end":{"line":7,"column":35}},"loc":{"start":{"line":9,"column":41},"end":{"line":17,"column":1}}},"1":{"name":"allNetwork","decl":{"start":{"line":19,"column":22},"end":{"line":19,"column":32}},"loc":{"start":{"line":19,"column":47},"end":{"line":23,"column":1}}},"2":{"name":"getNetworkById","decl":{"start":{"line":25,"column":22},"end":{"line":25,"column":36}},"loc":{"start":{"line":25,"column":63},"end":{"line":38,"column":1}}},"3":{"name":"deleteNetwork","decl":{"start":{"line":40,"column":22},"end":{"line":40,"column":35}},"loc":{"start":{"line":40,"column":46},"end":{"line":42,"column":1}}}},"branchMap":{"0":{"loc":{"start":{"line":30,"column":2},"end":{"line":37,"column":null}},"type":"if","locations":[{"start":{"line":30,"column":2},"end":{"line":37,"column":null}}]}},"s":{"0":2,"1":2,"2":2,"3":0,"4":0,"5":2,"6":0,"7":0,"8":2,"9":0,"10":0,"11":0,"12":0,"13":0,"14":0,"15":2,"16":0,"17":2},"f":{"0":0,"1":0,"2":0,"3":0},"b":{"0":[0]}}
,"/home/mateus/Projetos/projeto19-drivenpass-main/src/utils/authUtils.ts": {"path":"/home/mateus/Projetos/projeto19-drivenpass-main/src/utils/authUtils.ts","statementMap":{"0":{"start":{"line":2,"column":0},"end":{"line":2,"column":31}},"1":{"start":{"line":3,"column":0},"end":{"line":3,"column":null}},"2":{"start":{"line":9,"column":2},"end":{"line":9,"column":65}},"3":{"start":{"line":9,"column":20},"end":{"line":9,"column":65}},"4":{"start":{"line":8,"column":0},"end":{"line":8,"column":16}},"5":{"start":{"line":13,"column":2},"end":{"line":13,"column":48}},"6":{"start":{"line":13,"column":19},"end":{"line":13,"column":48}},"7":{"start":{"line":12,"column":0},"end":{"line":12,"column":16}},"8":{"start":{"line":17,"column":16},"end":{"line":19,"column":4}},"9":{"start":{"line":21,"column":2},"end":{"line":21,"column":15}},"10":{"start":{"line":16,"column":0},"end":{"line":16,"column":16}}},"fnMap":{"0":{"name":"EmailNotExists","decl":{"start":{"line":8,"column":16},"end":{"line":8,"column":30}},"loc":{"start":{"line":8,"column":47},"end":{"line":10,"column":1}}},"1":{"name":"EmailExists","decl":{"start":{"line":12,"column":16},"end":{"line":12,"column":27}},"loc":{"start":{"line":12,"column":44},"end":{"line":14,"column":1}}},"2":{"name":"generateToken","decl":{"start":{"line":16,"column":16},"end":{"line":16,"column":29}},"loc":{"start":{"line":16,"column":40},"end":{"line":22,"column":1}}}},"branchMap":{"0":{"loc":{"start":{"line":9,"column":2},"end":{"line":9,"column":65}},"type":"if","locations":[{"start":{"line":9,"column":2},"end":{"line":9,"column":65}}]},"1":{"loc":{"start":{"line":13,"column":2},"end":{"line":13,"column":48}},"type":"if","locations":[{"start":{"line":13,"column":2},"end":{"line":13,"column":48}}]}},"s":{"0":3,"1":3,"2":5,"3":1,"4":3,"5":5,"6":2,"7":3,"8":3,"9":3,"10":3},"f":{"0":5,"1":5,"2":3},"b":{"0":[1],"1":[2]}}
,"/home/mateus/Projetos/projeto19-drivenpass-main/src/utils/credentialUtils.ts": {"path":"/home/mateus/Projetos/projeto19-drivenpass-main/src/utils/credentialUtils.ts","statementMap":{"0":{"start":{"line":1,"column":0},"end":{"line":1,"column":63}},"1":{"start":{"line":7,"column":2},"end":{"line":7,"column":74}},"2":{"start":{"line":7,"column":29},"end":{"line":7,"column":74}},"3":{"start":{"line":4,"column":0},"end":{"line":4,"column":16}}},"fnMap":{"0":{"name":"verifyCredentialTitle","decl":{"start":{"line":4,"column":16},"end":{"line":4,"column":37}},"loc":{"start":{"line":5,"column":54},"end":{"line":8,"column":1}}}},"branchMap":{"0":{"loc":{"start":{"line":7,"column":2},"end":{"line":7,"column":74}},"type":"if","locations":[{"start":{"line":7,"column":2},"end":{"line":7,"column":74}}]}},"s":{"0":2,"1":0,"2":0,"3":2},"f":{"0":0},"b":{"0":[0]}}
,"/home/mateus/Projetos/projeto19-drivenpass-main/src/utils/cryptoUtils.ts": {"path":"/home/mateus/Projetos/projeto19-drivenpass-main/src/utils/cryptoUtils.ts","statementMap":{"0":{"start":{"line":1,"column":0},"end":{"line":1,"column":67}},"1":{"start":{"line":2,"column":0},"end":{"line":2,"column":28}},"2":{"start":{"line":3,"column":0},"end":{"line":3,"column":28}},"3":{"start":{"line":5,"column":15},"end":{"line":5,"column":64}},"4":{"start":{"line":8,"column":15},"end":{"line":8,"column":37}},"5":{"start":{"line":9,"column":25},"end":{"line":9,"column":56}},"6":{"start":{"line":11,"column":2},"end":{"line":11,"column":24}},"7":{"start":{"line":7,"column":0},"end":{"line":7,"column":7}},"8":{"start":{"line":15,"column":2},"end":{"line":16,"column":49}},"9":{"start":{"line":16,"column":4},"end":{"line":16,"column":49}},"10":{"start":{"line":14,"column":0},"end":{"line":14,"column":16}},"11":{"start":{"line":20,"column":26},"end":{"line":20,"column":46}},"12":{"start":{"line":21,"column":2},"end":{"line":21,"column":25}},"13":{"start":{"line":19,"column":0},"end":{"line":19,"column":16}},"14":{"start":{"line":25,"column":26},"end":{"line":25,"column":57}},"15":{"start":{"line":26,"column":2},"end":{"line":26,"column":25}},"16":{"start":{"line":24,"column":0},"end":{"line":24,"column":16}}},"fnMap":{"0":{"name":"passwordEncrypt","decl":{"start":{"line":7,"column":22},"end":{"line":7,"column":37}},"loc":{"start":{"line":7,"column":54},"end":{"line":12,"column":1}}},"1":{"name":"checkPassword","decl":{"start":{"line":14,"column":16},"end":{"line":14,"column":29}},"loc":{"start":{"line":14,"column":70},"end":{"line":17,"column":1}}},"2":{"name":"dataEncrypt","decl":{"start":{"line":19,"column":16},"end":{"line":19,"column":27}},"loc":{"start":{"line":19,"column":40},"end":{"line":22,"column":1}}},"3":{"name":"dataDecrypt","decl":{"start":{"line":24,"column":16},"end":{"line":24,"column":27}},"loc":{"start":{"line":24,"column":51},"end":{"line":27,"column":1}}}},"branchMap":{"0":{"loc":{"start":{"line":15,"column":2},"end":{"line":16,"column":49}},"type":"if","locations":[{"start":{"line":15,"column":2},"end":{"line":16,"column":49}}]}},"s":{"0":3,"1":3,"2":3,"3":3,"4":3,"5":3,"6":3,"7":3,"8":4,"9":1,"10":3,"11":0,"12":0,"13":3,"14":0,"15":0,"16":3},"f":{"0":3,"1":4,"2":0,"3":0},"b":{"0":[1]}}
,"/home/mateus/Projetos/projeto19-drivenpass-main/src/utils/networkUtils.ts": {"path":"/home/mateus/Projetos/projeto19-drivenpass-main/src/utils/networkUtils.ts","statementMap":{"0":{"start":{"line":3,"column":0},"end":{"line":3,"column":78}},"1":{"start":{"line":6,"column":2},"end":{"line":6,"column":60}},"2":{"start":{"line":6,"column":26},"end":{"line":6,"column":60}},"3":{"start":{"line":5,"column":0},"end":{"line":5,"column":16}},"4":{"start":{"line":10,"column":2},"end":{"line":10,"column":53}},"5":{"start":{"line":10,"column":22},"end":{"line":10,"column":53}},"6":{"start":{"line":9,"column":0},"end":{"line":9,"column":16}}},"fnMap":{"0":{"name":"networkTitleExists","decl":{"start":{"line":5,"column":16},"end":{"line":5,"column":34}},"loc":{"start":{"line":5,"column":69},"end":{"line":7,"column":1}}},"1":{"name":"networkExists","decl":{"start":{"line":9,"column":16},"end":{"line":9,"column":29}},"loc":{"start":{"line":9,"column":76},"end":{"line":11,"column":1}}}},"branchMap":{"0":{"loc":{"start":{"line":6,"column":2},"end":{"line":6,"column":60}},"type":"if","locations":[{"start":{"line":6,"column":2},"end":{"line":6,"column":60}}]},"1":{"loc":{"start":{"line":10,"column":2},"end":{"line":10,"column":53}},"type":"if","locations":[{"start":{"line":10,"column":2},"end":{"line":10,"column":53}}]}},"s":{"0":2,"1":0,"2":0,"3":2,"4":0,"5":0,"6":2},"f":{"0":0,"1":0},"b":{"0":[0],"1":[0]}}
,"/home/mateus/Projetos/projeto19-drivenpass-main/tests/helpers.ts": {"path":"/home/mateus/Projetos/projeto19-drivenpass-main/tests/helpers.ts","statementMap":{"0":{"start":{"line":4,"column":0},"end":{"line":4,"column":48}},"1":{"start":{"line":7,"column":2},"end":{"line":7,"column":38}},"2":{"start":{"line":8,"column":2},"end":{"line":8,"column":41}},"3":{"start":{"line":9,"column":2},"end":{"line":9,"column":35}},"4":{"start":{"line":6,"column":0},"end":{"line":6,"column":7}}},"fnMap":{"0":{"name":"cleanDb","decl":{"start":{"line":6,"column":22},"end":{"line":6,"column":29}},"loc":{"start":{"line":6,"column":29},"end":{"line":10,"column":1}}}},"branchMap":{},"s":{"0":3,"1":6,"2":5,"3":5,"4":3},"f":{"0":6},"b":{}}
,"/home/mateus/Projetos/projeto19-drivenpass-main/tests/factories/authFactories.ts": {"path":"/home/mateus/Projetos/projeto19-drivenpass-main/tests/factories/authFactories.ts","statementMap":{"0":{"start":{"line":1,"column":0},"end":{"line":1,"column":28}},"1":{"start":{"line":2,"column":0},"end":{"line":2,"column":40}},"2":{"start":{"line":4,"column":0},"end":{"line":4,"column":51}},"3":{"start":{"line":9,"column":27},"end":{"line":9,"column":71}},"4":{"start":{"line":10,"column":25},"end":{"line":10,"column":64}},"5":{"start":{"line":12,"column":2},"end":{"line":17,"column":5}},"6":{"start":{"line":6,"column":0},"end":{"line":6,"column":7}}},"fnMap":{"0":{"name":"createUserSeed","decl":{"start":{"line":6,"column":22},"end":{"line":6,"column":36}},"loc":{"start":{"line":7,"column":28},"end":{"line":18,"column":1}}}},"branchMap":{"0":{"loc":{"start":{"line":7,"column":2},"end":{"line":7,"column":28}},"type":"default-arg","locations":[{"start":{"line":7,"column":26},"end":{"line":7,"column":28}}]},"1":{"loc":{"start":{"line":9,"column":27},"end":{"line":9,"column":71}},"type":"binary-expr","locations":[{"start":{"line":9,"column":27},"end":{"line":9,"column":42}},{"start":{"line":9,"column":46},"end":{"line":9,"column":71}}]},"2":{"loc":{"start":{"line":14,"column":13},"end":{"line":14,"column":51}},"type":"binary-expr","locations":[{"start":{"line":14,"column":13},"end":{"line":14,"column":25}},{"start":{"line":14,"column":29},"end":{"line":14,"column":51}}]}},"s":{"0":3,"1":3,"2":3,"3":11,"4":11,"5":11,"6":3},"f":{"0":11},"b":{"0":[5],"1":[11,5],"2":[11,5]}}
}
