TN:
SF:src/app.ts
FN:13,init
FN:22,(anonymous_8)
FNF:2
FNH:2
FNDA:2,init
FNDA:1,(anonymous_8)
DA:1,2
DA:2,2
DA:3,2
DA:4,2
DA:5,2
DA:6,2
DA:9,2
DA:10,2
DA:11,2
DA:13,2
DA:14,2
DA:15,2
DA:18,2
DA:19,2
DA:22,2
DA:23,1
DA:26,2
LF:17
LH:17
BRDA:22,0,0,2
BRDA:22,0,1,0
BRF:2
BRH:1
end_of_record
TN:
SF:src/config/database.ts
FN:14,connectDb
FNF:1
FNH:1
FNDA:2,connectDb
DA:1,3
DA:2,3
DA:3,3
DA:5,3
DA:8,3
DA:10,3
DA:14,3
DA:15,2
DA:19,3
DA:21,3
DA:23,3
LF:11
LH:11
BRF:0
BRH:0
end_of_record
TN:
SF:src/config/envs.ts
FN:3,loadEnvs
FNF:1
FNH:1
FNDA:6,loadEnvs
DA:1,6
DA:3,6
DA:4,6
DA:5,6
DA:6,6
DA:8,6
LF:6
LH:6
BRDA:5,0,0,6
BRF:1
BRH:1
end_of_record
TN:
SF:src/controllers/authController.ts
FN:6,signUp
FN:21,signIn
FNF:2
FNH:2
FNDA:4,signUp
FNDA:5,signIn
DA:2,2
DA:4,2
DA:6,2
DA:7,4
DA:9,4
DA:10,4
DA:11,3
DA:15,1
DA:16,1
DA:21,2
DA:22,5
DA:24,5
DA:25,5
DA:26,3
DA:28,2
DA:29,2
LF:16
LH:16
BRDA:15,0,0,1
BRDA:28,1,0,2
BRF:2
BRH:2
end_of_record
TN:
SF:src/controllers/credentialController.ts
FN:5,createCredential
FN:21,getAllCredentials
FN:33,getCredentialById
FN:45,deleteCredential
FNF:4
FNH:0
FNDA:0,createCredential
FNDA:0,getAllCredentials
FNDA:0,getCredentialById
FNDA:0,deleteCredential
DA:2,2
DA:3,2
DA:5,2
DA:6,0
DA:8,0
DA:10,0
DA:11,0
DA:13,0
DA:15,0
DA:16,0
DA:18,0
DA:21,2
DA:22,0
DA:24,0
DA:25,0
DA:27,0
DA:29,0
DA:33,2
DA:34,0
DA:35,0
DA:37,0
DA:38,0
DA:40,0
DA:42,0
DA:45,2
DA:46,0
DA:47,0
DA:49,0
DA:50,0
DA:51,0
DA:53,0
DA:57,0
LF:32
LH:6
BRDA:15,0,0,0
BRF:1
BRH:0
end_of_record
TN:
SF:src/controllers/networkController.ts
FN:5,createNetwork
FN:17,allNetwork
FN:29,getNetworkById
FN:42,deleteNetwork
FNF:4
FNH:0
FNDA:0,createNetwork
FNDA:0,allNetwork
FNDA:0,getNetworkById
FNDA:0,deleteNetwork
DA:2,2
DA:3,2
DA:5,2
DA:6,0
DA:7,0
DA:8,0
DA:10,0
DA:11,0
DA:13,0
DA:17,2
DA:18,0
DA:20,0
DA:21,0
DA:23,0
DA:25,0
DA:29,2
DA:30,0
DA:31,0
DA:33,0
DA:34,0
DA:36,0
DA:38,0
DA:42,2
DA:43,0
DA:44,0
DA:46,0
DA:47,0
DA:48,0
DA:50,0
DA:54,0
LF:30
LH:6
BRF:0
BRH:0
end_of_record
TN:
SF:src/middlewares/errorMiddleware.ts
FN:9,unprocessableError
FN:14,missingHeaderError
FN:22,notFoundError
FN:30,conflictError
FN:38,accessDeniedError
FN:46,unauthorizedError
FN:54,badRequestError
FN:62,notAcceptableError
FN:69,(anonymous_8)
FNF:9
FNH:5
FNDA:6,unprocessableError
FNDA:1,missingHeaderError
FNDA:0,notFoundError
FNDA:2,conflictError
FNDA:0,accessDeniedError
FNDA:3,unauthorizedError
FNDA:0,badRequestError
FNDA:0,notAcceptableError
FNDA:6,(anonymous_8)
DA:9,3
DA:10,6
DA:14,3
DA:15,1
DA:22,3
DA:23,0
DA:30,3
DA:31,2
DA:38,3
DA:39,0
DA:46,3
DA:47,3
DA:54,3
DA:55,0
DA:62,3
DA:63,0
DA:69,3
DA:70,6
DA:71,6
DA:74,0
DA:75,0
DA:78,0
DA:79,0
DA:82,0
DA:83,0
DA:86,0
DA:87,0
DA:89,0
DA:90,0
DA:92,0
DA:93,0
DA:95,0
DA:96,0
DA:99,0
DA:102,3
LF:35
LH:16
BRDA:70,0,0,6
BRDA:74,1,0,0
BRDA:78,2,0,0
BRDA:82,3,0,0
BRDA:86,4,0,0
BRDA:89,5,0,0
BRDA:92,6,0,0
BRDA:95,7,0,0
BRF:8
BRH:1
end_of_record
TN:
SF:src/middlewares/validations/schemaValidator.ts
FN:5,validateSchema
FN:6,(anonymous_1)
FN:13,(anonymous_2)
FNF:3
FNH:3
FNDA:8,validateSchema
FNDA:15,(anonymous_1)
FNDA:16,(anonymous_2)
DA:3,2
DA:5,2
DA:6,8
DA:7,15
DA:11,15
DA:12,6
DA:13,16
DA:16,6
DA:19,9
LF:9
LH:9
BRDA:11,0,0,6
BRF:1
BRH:1
end_of_record
TN:
SF:src/middlewares/validations/tokenValidator.ts
FN:9,validateToken
FNF:1
FNH:1
FNDA:4,validateToken
DA:2,2
DA:3,2
DA:4,2
DA:5,2
DA:7,2
DA:9,2
DA:14,4
DA:15,4
DA:16,4
DA:18,4
DA:19,1
DA:24,3
DA:25,3
DA:27,2
DA:29,2
DA:31,1
LF:16
LH:16
BRDA:18,0,0,1
BRDA:18,1,0,4
BRDA:18,1,1,4
BRF:3
BRH:3
end_of_record
TN:
SF:src/repositories/authRepository.ts
FN:4,findEmailById
FN:10,findEmail
FN:16,createUser
FNF:3
FNH:3
FNDA:1,findEmailById
FNDA:10,findEmail
FNDA:3,createUser
DA:1,3
DA:4,3
DA:5,1
DA:7,1
DA:10,3
DA:11,10
DA:13,10
DA:16,3
DA:17,3
LF:9
LH:9
BRF:0
BRH:0
end_of_record
TN:
SF:src/repositories/credentialRepository.ts
FN:4,createCredential
FN:16,findTitleCredential
FN:22,allCredentials
FN:35,deleteCredential
FN:39,getCredentialById
FNF:5
FNH:0
FNDA:0,createCredential
FNDA:0,findTitleCredential
FNDA:0,allCredentials
FNDA:0,deleteCredential
FNDA:0,getCredentialById
DA:1,2
DA:4,2
DA:8,0
DA:13,0
DA:16,2
DA:17,0
DA:22,2
DA:23,0
DA:35,2
DA:36,0
DA:39,2
DA:40,0
LF:12
LH:6
BRF:0
BRH:0
end_of_record
TN:
SF:src/repositories/networkRepository.ts
FN:4,createNetwork
FN:16,allNetwork
FN:28,deleteNetwork
FN:32,getNetworkById
FNF:4
FNH:0
FNDA:0,createNetwork
FNDA:0,allNetwork
FNDA:0,deleteNetwork
FNDA:0,getNetworkById
DA:1,2
DA:4,2
DA:8,0
DA:13,0
DA:16,2
DA:17,0
DA:28,2
DA:29,0
DA:32,2
DA:33,0
LF:10
LH:5
BRF:0
BRH:0
end_of_record
TN:
SF:src/routes/authRouter.ts
FNF:0
FNH:0
DA:1,2
DA:2,2
DA:3,2
DA:4,2
DA:6,2
DA:8,2
DA:9,2
DA:11,2
LF:8
LH:8
BRF:0
BRH:0
end_of_record
TN:
SF:src/routes/credentialRouter.ts
FNF:0
FNH:0
DA:1,2
DA:2,2
DA:3,2
DA:4,2
DA:5,2
DA:7,2
DA:9,2
DA:16,2
DA:22,2
DA:28,2
DA:34,2
LF:11
LH:11
BRF:0
BRH:0
end_of_record
TN:
SF:src/routes/networkRouter.ts
FNF:0
FNH:0
DA:1,2
DA:2,2
DA:3,2
DA:4,2
DA:5,2
DA:7,2
DA:9,2
DA:16,2
DA:18,2
DA:20,2
DA:26,2
LF:11
LH:11
BRF:0
BRH:0
end_of_record
TN:
SF:src/routes/router.ts
FNF:0
FNH:0
DA:1,2
DA:2,2
DA:3,2
DA:4,2
DA:6,2
DA:8,2
DA:9,2
DA:10,2
DA:12,2
LF:9
LH:9
BRF:0
BRH:0
end_of_record
TN:
SF:src/schemas/authSchema.ts
FNF:0
FNH:0
DA:1,3
DA:3,3
DA:8,3
LF:3
LH:3
BRF:0
BRH:0
end_of_record
TN:
SF:src/schemas/credentialSchema.ts
FNF:0
FNH:0
DA:1,3
DA:3,3
LF:2
LH:2
BRF:0
BRH:0
end_of_record
TN:
SF:src/schemas/networkSchema.ts
FNF:0
FNH:0
DA:1,3
DA:3,3
LF:2
LH:2
BRF:0
BRH:0
end_of_record
TN:
SF:src/services/authService.ts
FN:6,findEmailById
FN:12,signUp
FN:25,signIn
FNF:3
FNH:3
FNDA:1,findEmailById
FNDA:4,signUp
FNDA:5,signIn
DA:2,3
DA:3,3
DA:4,3
DA:6,3
DA:7,1
DA:9,1
DA:12,3
DA:13,4
DA:15,4
DA:17,3
DA:19,3
DA:25,3
DA:28,5
DA:30,5
DA:32,4
DA:33,4
DA:34,3
DA:35,3
LF:18
LH:18
BRDA:32,0,0,4
BRF:1
BRH:1
end_of_record
TN:
SF:src/services/credentialService.ts
FN:7,createCredential
FN:26,allCredentials
FN:38,deleteCredential
FN:42,getCredentialById
FNF:4
FNH:0
FNDA:0,createCredential
FNDA:0,allCredentials
FNDA:0,deleteCredential
FNDA:0,getCredentialById
DA:1,2
DA:2,2
DA:4,2
DA:5,2
DA:7,2
DA:11,0
DA:16,0
DA:18,0
DA:20,0
DA:26,2
DA:27,0
DA:29,0
DA:30,0
DA:32,0
DA:35,0
DA:38,2
DA:39,0
DA:42,2
DA:43,0
DA:45,0
DA:46,0
DA:47,0
DA:51,0
DA:54,0
LF:24
LH:8
BRDA:45,0,0,0
BRF:1
BRH:0
end_of_record
TN:
SF:src/services/networkService.ts
FN:7,createNetwork
FN:19,allNetwork
FN:25,getNetworkById
FN:40,deleteNetwork
FNF:4
FNH:0
FNDA:0,createNetwork
FNDA:0,allNetwork
FNDA:0,getNetworkById
FNDA:0,deleteNetwork
DA:2,2
DA:4,2
DA:5,2
DA:7,2
DA:11,0
DA:13,0
DA:19,2
DA:20,0
DA:22,0
DA:25,2
DA:26,0
DA:28,0
DA:30,0
DA:31,0
DA:32,0
DA:36,0
DA:40,2
DA:41,0
LF:18
LH:7
BRDA:30,0,0,0
BRF:1
BRH:0
end_of_record
TN:
SF:src/utils/authUtils.ts
FN:8,EmailNotExists
FN:12,EmailExists
FN:16,generateToken
FNF:3
FNH:3
FNDA:5,EmailNotExists
FNDA:5,EmailExists
FNDA:3,generateToken
DA:2,3
DA:3,3
DA:8,3
DA:9,5
DA:12,3
DA:13,5
DA:16,3
DA:17,3
DA:21,3
LF:9
LH:9
BRDA:9,0,0,1
BRDA:13,1,0,2
BRF:2
BRH:2
end_of_record
TN:
SF:src/utils/credentialUtils.ts
FN:4,verifyCredentialTitle
FNF:1
FNH:0
FNDA:0,verifyCredentialTitle
DA:1,2
DA:4,2
DA:7,0
LF:3
LH:2
BRDA:7,0,0,0
BRF:1
BRH:0
end_of_record
TN:
SF:src/utils/cryptoUtils.ts
FN:7,passwordEncrypt
FN:14,checkPassword
FN:19,dataEncrypt
FN:24,dataDecrypt
FNF:4
FNH:2
FNDA:3,passwordEncrypt
FNDA:4,checkPassword
FNDA:0,dataEncrypt
FNDA:0,dataDecrypt
DA:1,3
DA:2,3
DA:3,3
DA:5,3
DA:7,3
DA:8,3
DA:9,3
DA:11,3
DA:14,3
DA:15,4
DA:16,1
DA:19,3
DA:20,0
DA:21,0
DA:24,3
DA:25,0
DA:26,0
LF:17
LH:13
BRDA:15,0,0,1
BRF:1
BRH:1
end_of_record
TN:
SF:src/utils/networkUtils.ts
FN:5,networkTitleExists
FN:9,networkExists
FNF:2
FNH:0
FNDA:0,networkTitleExists
FNDA:0,networkExists
DA:3,2
DA:5,2
DA:6,0
DA:9,2
DA:10,0
LF:5
LH:3
BRDA:6,0,0,0
BRDA:10,1,0,0
BRF:2
BRH:0
end_of_record
TN:
SF:tests/helpers.ts
FN:6,cleanDb
FNF:1
FNH:1
FNDA:6,cleanDb
DA:4,3
DA:6,3
DA:7,6
DA:8,5
DA:9,5
LF:5
LH:5
BRF:0
BRH:0
end_of_record
TN:
SF:tests/factories/authFactories.ts
FN:6,createUserSeed
FNF:1
FNH:1
FNDA:11,createUserSeed
DA:1,3
DA:2,3
DA:4,3
DA:6,3
DA:9,11
DA:10,11
DA:12,11
LF:7
LH:7
BRDA:7,0,0,5
BRDA:9,1,0,11
BRDA:9,1,1,5
BRDA:14,2,0,11
BRDA:14,2,1,5
BRF:5
BRH:5
end_of_record
